  COMP3016_CW1.cpp
  Enemy.cpp
  EnemyController.cpp
  Game.cpp
  Laser.cpp
  Level.cpp
  Maze.cpp
  Patroller.cpp
  Player.cpp
  Portal.cpp
  Roamer.cpp
  Score.cpp
  Spinner.cpp
  Timer.cpp
  Generating code
  296 of 301 functions (98.3%) were compiled, the rest were copied from previous compilation.
    0 functions were new in current compilation
    1 functions had inline decision re-evaluated but remain unchanged
  Finished generating code
  COMP3016_CW1.vcxproj -> C:\Users\jason\University\Space-Escapee\COMP3016_CW1\x64\Release\COMP3016_CW1.exe
  C:\Users\jason\University\Space-Escapee\COMP3016_CW1\SDL2\dll\SDL2.dll
  C:\Users\jason\University\Space-Escapee\COMP3016_CW1\SDL2\dll\SDL2_image.dll
  C:\Users\jason\University\Space-Escapee\COMP3016_CW1\SDL2\dll\SDL2_mixer.dll
  3 File(s) copied
