c:\users\jason\university\space-escapee\comp3016_cw1\comp3016_cw1\x64\debug\vc143.pdb
c:\users\jason\university\space-escapee\comp3016_cw1\comp3016_cw1\x64\debug\vc143.idb
c:\users\jason\university\space-escapee\comp3016_cw1\comp3016_cw1\x64\debug\player.obj
c:\users\jason\university\space-escapee\comp3016_cw1\comp3016_cw1\x64\debug\game.obj
c:\users\jason\university\space-escapee\comp3016_cw1\comp3016_cw1\x64\debug\comp3016_cw1.obj
c:\users\jason\university\space-escapee\comp3016_cw1\comp3016_cw1\x64\debug\maze.obj
c:\users\jason\university\space-escapee\comp3016_cw1\comp3016_cw1\x64\debug\laser.obj
c:\users\jason\university\space-escapee\comp3016_cw1\comp3016_cw1\x64\debug\portal.obj
c:\users\jason\university\space-escapee\comp3016_cw1\comp3016_cw1\x64\debug\timer.obj
c:\users\jason\university\space-escapee\comp3016_cw1\comp3016_cw1\x64\debug\score.obj
c:\users\jason\university\space-escapee\comp3016_cw1\comp3016_cw1\x64\debug\level.obj
c:\users\jason\university\space-escapee\comp3016_cw1\x64\debug\comp3016_cw1.exe
c:\users\jason\university\space-escapee\comp3016_cw1\comp3016_cw1\x64\debug\comp3016_cw1.ilk
c:\users\jason\university\space-escapee\comp3016_cw1\x64\debug\comp3016_cw1.pdb
c:\users\jbott1\space-escapee\comp3016_cw1\comp3016_cw1\x64\debug\comp3016_cw1.obj
c:\users\jbott1\space-escapee\comp3016_cw1\comp3016_cw1\x64\debug\exit.obj
c:\users\jbott1\space-escapee\comp3016_cw1\comp3016_cw1\x64\debug\game.obj
c:\users\jbott1\space-escapee\comp3016_cw1\comp3016_cw1\x64\debug\laser.obj
c:\users\jbott1\space-escapee\comp3016_cw1\comp3016_cw1\x64\debug\level.obj
c:\users\jbott1\space-escapee\comp3016_cw1\comp3016_cw1\x64\debug\maze.obj
c:\users\jbott1\space-escapee\comp3016_cw1\comp3016_cw1\x64\debug\player.obj
c:\users\jbott1\space-escapee\comp3016_cw1\comp3016_cw1\x64\debug\portal.obj
c:\users\jbott1\space-escapee\comp3016_cw1\comp3016_cw1\x64\debug\score.obj
c:\users\jbott1\space-escapee\comp3016_cw1\comp3016_cw1\x64\debug\timer.obj
c:\users\jbott1\space-escapee\comp3016_cw1\comp3016_cw1\x64\debug\comp3016_cw1.ilk
c:\users\jbott1\space-escapee\comp3016_cw1\comp3016_cw1\x64\debug\vc143.idb
c:\users\jbott1\space-escapee\comp3016_cw1\comp3016_cw1\x64\debug\vc143.pdb
c:\users\jbott1\space-escapee\comp3016_cw1\x64\debug\comp3016_cw1.pdb
c:\users\jbott1\space-escapee\comp3016_cw1\x64\debug\comp3016_cw1.exe
c:\users\jbott1\space-escapee\comp3016_cw1\x64\debug\comp3016_cw1.ilk
c:\users\jbott1\space-escapee\comp3016_cw1\comp3016_cw1\x64\debug\comp3016_cw1.tlog\cl.command.1.tlog
c:\users\jbott1\space-escapee\comp3016_cw1\comp3016_cw1\x64\debug\comp3016_cw1.tlog\cl.read.1.tlog
c:\users\jbott1\space-escapee\comp3016_cw1\comp3016_cw1\x64\debug\comp3016_cw1.tlog\cl.write.1.tlog
c:\users\jbott1\space-escapee\comp3016_cw1\comp3016_cw1\x64\debug\comp3016_cw1.tlog\link.command.1.tlog
c:\users\jbott1\space-escapee\comp3016_cw1\comp3016_cw1\x64\debug\comp3016_cw1.tlog\link.read.1.tlog
c:\users\jbott1\space-escapee\comp3016_cw1\comp3016_cw1\x64\debug\comp3016_cw1.tlog\link.write.1.tlog
